1572385696194	mozrunner::runner	INFO	Running command: "/Applications/Firefox.app/Contents/MacOS/firefox-bin" "-marionette" "-headless" "-foreground" "-no-remote" "-profile" "/var/folders/j4/bqgstpx901dct6x4fc0_xn_m0000gn/T/rust_mozprofileM6wXVo"
*** You are running in headless mode.
1572385697065	addons.xpi	WARN	List of valid built-in add-ons could not be parsed.: [Exception... "Component returned failure code: 0x8052000b (NS_ERROR_FILE_CORRUPTED) [nsIXPCComponents_Utils.readUTF8URI]"  nsresult: "0x8052000b (NS_ERROR_FILE_CORRUPTED)"  location: "JS frame :: resource://gre/modules/addons/XPIProvider.jsm :: startup :: line 2097"  data: no] Stack trace: startup()@resource://gre/modules/addons/XPIProvider.jsm:2097
callProvider()@resource://gre/modules/AddonManager.jsm:206
_startProvider()@resource://gre/modules/AddonManager.jsm:654
startup()@resource://gre/modules/AddonManager.jsm:813
startup()@resource://gre/modules/AddonManager.jsm:2811
observe()@jar:file:///Applications/Firefox.app/Contents/Resources/omni.ja!/components/addonManager.js:66
1572385697094	addons.xpi	WARN	No list of valid system add-ons found.
JavaScript error: jar:file:///Applications/Firefox.app/Contents/Resources/browser/omni.ja!/components/nsSessionStartup.js, line 105: NS_ERROR_UNEXPECTED: Component returned failure code: 0x8000ffff (NS_ERROR_UNEXPECTED) [nsIPrefBranch.getBoolPref]
JavaScript error: jar:file:///Applications/Firefox.app/Contents/Resources/browser/omni.ja!/components/devtools-startup.js, line 530: NS_ERROR_UNEXPECTED: Component returned failure code: 0x8000ffff (NS_ERROR_UNEXPECTED) [nsIPrefBranch.getCharPref]
JavaScript error: jar:file:///Applications/Firefox.app/Contents/Resources/browser/omni.ja!/components/nsBrowserContentHandler.js, line 178: NS_ERROR_UNEXPECTED: Component returned failure code: 0x8000ffff (NS_ERROR_UNEXPECTED) [nsIPrefBranch.getCharPref]
JavaScript error: resource://gre/modules/osfile/osfile_async_front.jsm, line 408: Error: OS.File has been shut down. Rejecting post to DirectoryIterator_prototype_close
1572385813412	mozrunner::runner	INFO	Running command: "/Applications/Firefox.app/Contents/MacOS/firefox-bin" "-marionette" "-headless" "-foreground" "-no-remote" "-profile" "/var/folders/j4/bqgstpx901dct6x4fc0_xn_m0000gn/T/rust_mozprofile44bx30"
*** You are running in headless mode.
1572385813691	addons.xpi	WARN	List of valid built-in add-ons could not be parsed.: [Exception... "Component returned failure code: 0x8052000b (NS_ERROR_FILE_CORRUPTED) [nsIXPCComponents_Utils.readUTF8URI]"  nsresult: "0x8052000b (NS_ERROR_FILE_CORRUPTED)"  location: "JS frame :: resource://gre/modules/addons/XPIProvider.jsm :: startup :: line 2097"  data: no] Stack trace: startup()@resource://gre/modules/addons/XPIProvider.jsm:2097
callProvider()@resource://gre/modules/AddonManager.jsm:206
_startProvider()@resource://gre/modules/AddonManager.jsm:654
startup()@resource://gre/modules/AddonManager.jsm:813
startup()@resource://gre/modules/AddonManager.jsm:2811
observe()@jar:file:///Applications/Firefox.app/Contents/Resources/omni.ja!/components/addonManager.js:66
1572385813710	addons.xpi	WARN	No list of valid system add-ons found.
JavaScript error: jar:file:///Applications/Firefox.app/Contents/Resources/browser/omni.ja!/components/nsSessionStartup.js, line 105: NS_ERROR_UNEXPECTED: Component returned failure code: 0x8000ffff (NS_ERROR_UNEXPECTED) [nsIPrefBranch.getBoolPref]
JavaScript error: jar:file:///Applications/Firefox.app/Contents/Resources/browser/omni.ja!/components/devtools-startup.js, line 530: NS_ERROR_UNEXPECTED: Component returned failure code: 0x8000ffff (NS_ERROR_UNEXPECTED) [nsIPrefBranch.getCharPref]
JavaScript error: jar:file:///Applications/Firefox.app/Contents/Resources/browser/omni.ja!/components/nsBrowserContentHandler.js, line 178: NS_ERROR_UNEXPECTED: Component returned failure code: 0x8000ffff (NS_ERROR_UNEXPECTED) [nsIPrefBranch.getCharPref]
JavaScript error: resource://gre/modules/osfile/osfile_async_front.jsm, line 408: Error: OS.File has been shut down. Rejecting post to DirectoryIterator_prototype_close
1572385921771	mozrunner::runner	INFO	Running command: "/Applications/Firefox.app/Contents/MacOS/firefox-bin" "-marionette" "-headless" "-foreground" "-no-remote" "-profile" "/var/folders/j4/bqgstpx901dct6x4fc0_xn_m0000gn/T/rust_mozprofilepnrRZl"
*** You are running in headless mode.
1572385922434	addons.xpi	WARN	List of valid built-in add-ons could not be parsed.: [Exception... "Component returned failure code: 0x8052000b (NS_ERROR_FILE_CORRUPTED) [nsIXPCComponents_Utils.readUTF8URI]"  nsresult: "0x8052000b (NS_ERROR_FILE_CORRUPTED)"  location: "JS frame :: resource://gre/modules/addons/XPIProvider.jsm :: startup :: line 2097"  data: no] Stack trace: startup()@resource://gre/modules/addons/XPIProvider.jsm:2097
callProvider()@resource://gre/modules/AddonManager.jsm:206
_startProvider()@resource://gre/modules/AddonManager.jsm:654
startup()@resource://gre/modules/AddonManager.jsm:813
startup()@resource://gre/modules/AddonManager.jsm:2811
observe()@jar:file:///Applications/Firefox.app/Contents/Resources/omni.ja!/components/addonManager.js:66
1572385922466	addons.xpi	WARN	No list of valid system add-ons found.
JavaScript error: jar:file:///Applications/Firefox.app/Contents/Resources/browser/omni.ja!/components/nsSessionStartup.js, line 105: NS_ERROR_UNEXPECTED: Component returned failure code: 0x8000ffff (NS_ERROR_UNEXPECTED) [nsIPrefBranch.getBoolPref]
JavaScript error: jar:file:///Applications/Firefox.app/Contents/Resources/browser/omni.ja!/components/devtools-startup.js, line 530: NS_ERROR_UNEXPECTED: Component returned failure code: 0x8000ffff (NS_ERROR_UNEXPECTED) [nsIPrefBranch.getCharPref]
JavaScript error: jar:file:///Applications/Firefox.app/Contents/Resources/browser/omni.ja!/components/nsBrowserContentHandler.js, line 178: NS_ERROR_UNEXPECTED: Component returned failure code: 0x8000ffff (NS_ERROR_UNEXPECTED) [nsIPrefBranch.getCharPref]
JavaScript error: resource://gre/modules/osfile/osfile_async_front.jsm, line 408: Error: OS.File has been shut down. Rejecting post to DirectoryIterator_prototype_close
1572386147154	mozrunner::runner	INFO	Running command: "/Applications/Firefox.app/Contents/MacOS/firefox-bin" "-marionette" "-headless" "-foreground" "-no-remote" "-profile" "/var/folders/j4/bqgstpx901dct6x4fc0_xn_m0000gn/T/rust_mozprofileYnOcYi"
*** You are running in headless mode.
1572386148498	addons.webextension.screenshots@mozilla.org	WARN	Loading extension 'screenshots@mozilla.org': Reading manifest: Invalid extension permission: mozillaAddons
1572386148499	addons.webextension.screenshots@mozilla.org	WARN	Loading extension 'screenshots@mozilla.org': Reading manifest: Invalid extension permission: telemetry
1572386148499	addons.webextension.screenshots@mozilla.org	WARN	Loading extension 'screenshots@mozilla.org': Reading manifest: Invalid extension permission: resource://pdf.js/
1572386148499	addons.webextension.screenshots@mozilla.org	WARN	Loading extension 'screenshots@mozilla.org': Reading manifest: Invalid extension permission: about:reader*
1572386152049	Marionette	INFO	Listening on port 51646
1572386152139	Marionette	WARN	TLS certificate errors will be ignored for this session
1572386156207	Marionette	INFO	Stopped listening on port 51646
JavaScript error: resource://gre/actors/BrowserElementParent.jsm, line 314: TypeError: state is undefined
JavaScript error: resource://gre/modules/AsyncShutdown.jsm, line 551: NS_ERROR_UNEXPECTED: 
JavaScript error: resource://gre/actors/BrowserElementParent.jsm, line 314: TypeError: state is undefined
JavaScript error: resource://gre/modules/AsyncShutdown.jsm, line 551: NS_ERROR_UNEXPECTED: 
IPDL protocol error: Handler returned error code!

###!!! [Parent][DispatchAsyncMessage] Error: PLayerTransaction::Msg_ReleaseLayer Processing error: message was deserialized, but the handler returned false (indicating failure)

IPDL protocol error: Handler returned error code!

###!!! [Parent][DispatchAsyncMessage] Error: PLayerTransaction::Msg_ReleaseLayer Processing error: message was deserialized, but the handler returned false (indicating failure)

